Build started 5/6/2016 3:35:08 PM.
     1>Project "C:\Users\Patricio\Documents\Visual Studio 2010\Taller de Programacion I\Taller-de-Programacion-I-Grupo-8\tp-entrega-02\SDLC++\SDLC++\SDLC++.vcxproj" on node 2 (build target(s)).
     1>InitializeBuildStatus:
         Creating "Debug\SDLC++.unsuccessfulbuild" because "AlwaysCreate" was specified.
       ClCompile:
         c:\Program Files (x86)\Microsoft Visual Studio 10.0\VC\bin\CL.exe /c /ZI /nologo /W3 /WX- /Od /Oy- /D _UNICODE /D UNICODE /Gm /EHsc /RTC1 /MDd /GS /fp:precise /Zc:wchar_t /Zc:forScope /Fo"Debug\\" /Fd"Debug\vc100.pdb" /Gd /TP /analyze- /errorReport:prompt main.cpp
         main.cpp
       Link:
         c:\Program Files (x86)\Microsoft Visual Studio 10.0\VC\bin\link.exe /ERRORREPORT:PROMPT /OUT:"C:\Users\Patricio\Documents\Visual Studio 2010\Taller de Programacion I\Taller-de-Programacion-I-Grupo-8\tp-entrega-02\SDLC++\Debug\SDLC++.exe" /NOLOGO "C:\Users\Patricio\Documents\Visual Studio 2010\Taller de Programacion I\Taller-de-Programacion-I-Grupo-8\tp-entrega-02\SDLC++\\SDL2.lib" "C:\Users\Patricio\Documents\Visual Studio 2010\Taller de Programacion I\Taller-de-Programacion-I-Grupo-8\tp-entrega-02\SDLC++\\SDL2main.lib" "C:\Users\Patricio\Documents\Visual Studio 2010\Taller de Programacion I\Taller-de-Programacion-I-Grupo-8\tp-entrega-02\SDLC++\\SDL2_image.lib" "C:\Users\Patricio\Documents\Visual Studio 2010\Taller de Programacion I\Taller-de-Programacion-I-Grupo-8\tp-entrega-02\SDLC++\\SDL2_gfx.lib" "C:\Users\Patricio\Documents\Visual Studio 2010\Taller de Programacion I\Taller-de-Programacion-I-Grupo-8\tp-entrega-02\SDLC++\\SDL2_ttf.lib" "C:\Users\Patricio\Documents\Visual Studio 2010\Taller de Programacion I\Taller-de-Programacion-I-Grupo-8\tp-entrega-02\SDLC++\\SDL2_mixer.lib" kernel32.lib user32.lib gdi32.lib winspool.lib comdlg32.lib advapi32.lib shell32.lib ole32.lib oleaut32.lib uuid.lib odbc32.lib odbccp32.lib /MANIFEST /ManifestFile:"Debug\SDLC++.exe.intermediate.manifest" /MANIFESTUAC:"level='asInvoker' uiAccess='false'" /DEBUG /PDB:"C:\Users\Patricio\Documents\Visual Studio 2010\Taller de Programacion I\Taller-de-Programacion-I-Grupo-8\tp-entrega-02\SDLC++\Debug\SDLC++.pdb" /SUBSYSTEM:CONSOLE /TLBID:1 /DYNAMICBASE /NXCOMPAT /IMPLIB:"C:\Users\Patricio\Documents\Visual Studio 2010\Taller de Programacion I\Taller-de-Programacion-I-Grupo-8\tp-entrega-02\SDLC++\Debug\SDLC++.lib" /MACHINE:X86 Debug\Avion.obj
         Debug\ConfiguracionAvionXML.obj
         Debug\ConfiguracionJuegoXML.obj
         Debug\ConfiguracionProyectilXML.obj
         Debug\elementoDelMapa.obj
         Debug\main.obj
         Debug\Mapa.obj
         Debug\Proyectil.obj
         Debug\Textura.obj
         LINK : C:\Users\Patricio\Documents\Visual Studio 2010\Taller de Programacion I\Taller-de-Programacion-I-Grupo-8\tp-entrega-02\SDLC++\Debug\SDLC++.exe not found or not built by the last incremental link; performing full link
     1>MSVCRTD.lib(cinitexe.obj) : warning LNK4098: defaultlib 'msvcrt.lib' conflicts with use of other libs; use /NODEFAULTLIB:library
         SDLC++.vcxproj -> C:\Users\Patricio\Documents\Visual Studio 2010\Taller de Programacion I\Taller-de-Programacion-I-Grupo-8\tp-entrega-02\SDLC++\Debug\SDLC++.exe
       Manifest:
         C:\Program Files (x86)\Microsoft SDKs\Windows\v7.0A\bin\mt.exe /nologo /verbose /outputresource:"C:\Users\Patricio\Documents\Visual Studio 2010\Taller de Programacion I\Taller-de-Programacion-I-Grupo-8\tp-entrega-02\SDLC++\Debug\SDLC++.exe;#1" /manifest Debug\SDLC++.exe.intermediate.manifest
       FinalizeBuildStatus:
         Deleting file "Debug\SDLC++.unsuccessfulbuild".
         Touching "Debug\SDLC++.lastbuildstate".
     1>Done Building Project "C:\Users\Patricio\Documents\Visual Studio 2010\Taller de Programacion I\Taller-de-Programacion-I-Grupo-8\tp-entrega-02\SDLC++\SDLC++\SDLC++.vcxproj" (build target(s)).

Build succeeded.

Time Elapsed 00:00:01.82
