C:\USERS\NOTE-DELL\DOCUMENTS\VISUAL STUDIO 2010\PROJECTS\CLIENTE\SERVIDOR\TALLER-DE-PROGRAMACION-I-GRUPO-8\SDLC++\DEBUG\SDLC++.EXE
C:\USERS\NOTE-DELL\DOCUMENTS\VISUAL STUDIO 2010\PROJECTS\CLIENTE\SERVIDOR\TALLER-DE-PROGRAMACION-I-GRUPO-8\SDLC++\DEBUG\SDLC++.ILK
C:\USERS\NOTE-DELL\DOCUMENTS\VISUAL STUDIO 2010\PROJECTS\CLIENTE\SERVIDOR\TALLER-DE-PROGRAMACION-I-GRUPO-8\SDLC++\DEBUG\SDLC++.PDB
C:\USERS\NOTE-DELL\DOCUMENTS\VISUAL STUDIO 2010\PROJECTS\CLIENTE\SERVIDOR\TALLER-DE-PROGRAMACION-I-GRUPO-8\SDLC++\SDLC++\DEBUG\AVION.OBJ
C:\Users\Note-Dell\Documents\Visual Studio 2010\Projects\Cliente\Servidor\Taller-de-Programacion-I-Grupo-8\SDLC++\SDLC++\Debug\cl.command.1.tlog
C:\Users\Note-Dell\Documents\Visual Studio 2010\Projects\Cliente\Servidor\Taller-de-Programacion-I-Grupo-8\SDLC++\SDLC++\Debug\CL.read.1.tlog
C:\Users\Note-Dell\Documents\Visual Studio 2010\Projects\Cliente\Servidor\Taller-de-Programacion-I-Grupo-8\SDLC++\SDLC++\Debug\CL.write.1.tlog
C:\Users\Note-Dell\Documents\Visual Studio 2010\Projects\Cliente\Servidor\Taller-de-Programacion-I-Grupo-8\SDLC++\SDLC++\Debug\link.command.1.tlog
C:\Users\Note-Dell\Documents\Visual Studio 2010\Projects\Cliente\Servidor\Taller-de-Programacion-I-Grupo-8\SDLC++\SDLC++\Debug\link.read.1.tlog
C:\Users\Note-Dell\Documents\Visual Studio 2010\Projects\Cliente\Servidor\Taller-de-Programacion-I-Grupo-8\SDLC++\SDLC++\Debug\link.write.1.tlog
C:\USERS\NOTE-DELL\DOCUMENTS\VISUAL STUDIO 2010\PROJECTS\CLIENTE\SERVIDOR\TALLER-DE-PROGRAMACION-I-GRUPO-8\SDLC++\SDLC++\DEBUG\MAIN.OBJ
C:\Users\Note-Dell\Documents\Visual Studio 2010\Projects\Cliente\Servidor\Taller-de-Programacion-I-Grupo-8\SDLC++\SDLC++\Debug\mt.command.1.tlog
C:\Users\Note-Dell\Documents\Visual Studio 2010\Projects\Cliente\Servidor\Taller-de-Programacion-I-Grupo-8\SDLC++\SDLC++\Debug\mt.read.1.tlog
C:\Users\Note-Dell\Documents\Visual Studio 2010\Projects\Cliente\Servidor\Taller-de-Programacion-I-Grupo-8\SDLC++\SDLC++\Debug\mt.write.1.tlog
C:\USERS\NOTE-DELL\DOCUMENTS\VISUAL STUDIO 2010\PROJECTS\CLIENTE\SERVIDOR\TALLER-DE-PROGRAMACION-I-GRUPO-8\SDLC++\SDLC++\DEBUG\SDLC++.EXE.INTERMEDIATE.MANIFEST
C:\Users\Note-Dell\Documents\Visual Studio 2010\Projects\Cliente\Servidor\Taller-de-Programacion-I-Grupo-8\SDLC++\SDLC++\Debug\SDLC++.vcxprojResolveAssemblyReference.cache
C:\Users\Note-Dell\Documents\Visual Studio 2010\Projects\Cliente\Servidor\Taller-de-Programacion-I-Grupo-8\SDLC++\SDLC++\Debug\SDLC++.write.1.tlog
C:\USERS\NOTE-DELL\DOCUMENTS\VISUAL STUDIO 2010\PROJECTS\CLIENTE\SERVIDOR\TALLER-DE-PROGRAMACION-I-GRUPO-8\SDLC++\SDLC++\DEBUG\TEXTURA.OBJ
C:\Users\Note-Dell\Documents\Visual Studio 2010\Projects\Cliente\Servidor\Taller-de-Programacion-I-Grupo-8\SDLC++\SDLC++\Debug\vc100.idb
C:\USERS\NOTE-DELL\DOCUMENTS\VISUAL STUDIO 2010\PROJECTS\CLIENTE\SERVIDOR\TALLER-DE-PROGRAMACION-I-GRUPO-8\SDLC++\SDLC++\DEBUG\VC100.PDB
